number,value,datetime_start,datetime_complete,duration,params_add_triangle_prob,params_crossover_prob,params_elitism,params_funsearch_penalty,params_funsearch_temperature,params_mutation_prob,params_num_triangles,params_p_comp,params_p_tri,params_pop_size,system_attrs_fixed_params,system_attrs_tpe:relative_params:0,state
0,0.854655921459198,2026-09-09 00:00:42.709447,2026-09-09 00:03:13.183682,0 days 00:02:30.474235,0.01,0.85,2,0.0,1.0,0.2,50,0.2,0.3,50,"{'pop_size': 50, 'num_triangles': 50, 'crossover_prob': 0.85, 'mutation_prob': 0.2, 'add_triangle_prob': 0.01, 'p_tri': 0.3, 'p_comp': 0.2, 'funsearch_temperature': 1.0, 'funsearch_penalty': 0.0, 'elitism': 2}",,COMPLETE
1,0.8968890905380249,2026-09-09 00:03:13.184187,2026-09-09 00:05:43.384077,0 days 00:02:30.199890,0.007800932022121826,0.7587945476302645,27,0.6011150117432088,5.3994844097874335,0.0638792635777333,97,0.03846096996241773,0.22479561626896213,387,,,COMPLETE
2,0.847291111946106,2026-09-09 00:05:43.384685,2026-09-09 00:08:13.808869,0 days 00:02:30.424184,0.009091248360355032,0.8491983767203796,2,0.43194501864211576,1.1207606211860568,0.029110519961044856,98,0.1590786990501735,0.24672360788274705,40,,,COMPLETE
3,0.8633255958557129,2026-09-09 00:08:13.809259,2026-09-09 00:10:44.028993,0 days 00:02:30.219734,0.0228034992108518,0.3629301836816964,3,0.5924145688620425,1.0677482709481354,0.04297256589643226,39,0.10784015325759626,0.728140769114411,620,,,COMPLETE
4,0.8694896101951599,2026-09-09 00:10:44.029348,2026-09-09 00:13:14.242443,0 days 00:02:30.213095,0.04828160165372797,0.1585464336867516,27,0.6842330265121569,0.1567993391672301,0.0953996983528,42,0.15926074689495165,0.746717878493169,616,,,COMPLETE
5,0.8540566563606262,2026-09-09 00:13:14.242849,2026-09-09 00:15:44.482871,0 days 00:02:30.240022,0.012938999080000846,0.13094966900369656,3,0.5467102793432796,1.0968217207529523,0.09183883618709039,65,0.16273842728381138,0.6300178274831856,139,,,COMPLETE
6,0.8783690929412842,2026-09-09 00:15:44.483366,2026-09-09 00:18:14.669669,0 days 00:02:30.186303,0.02989499894055426,0.9455490474077702,32,0.045227288910538066,0.24658447214487378,0.0905344615384884,85,0.05336132600544055,0.8374993880184934,971,,,COMPLETE
7,0.8688955307006836,2026-09-09 00:18:14.670021,2026-09-09 00:20:44.870566,0 days 00:02:30.200545,0.01404672548436904,0.8458637582367364,40,0.07455064367977082,4.02155452669029,0.04210779940242304,49,0.07905287023763369,0.5341568665265988,401,,,COMPLETE
8,0.8530406355857849,2026-09-09 00:20:44.870950,2026-09-09 00:23:15.097897,0 days 00:02:30.226947,0.035342867192380854,0.10496990541124217,9,0.3584657285442726,0.14063366777718173,0.08339152856093508,44,0.3879224698761134,0.6832057344327899,777,,,COMPLETE
9,0.8534690141677856,2026-09-09 00:23:15.098304,2026-09-09 00:25:45.291348,0 days 00:02:30.193044,0.015549116085783111,0.39780822236738433,41,0.8872127425763265,1.8841476921545086,0.015720251525742128,74,0.3675070273856514,0.36014665762139764,866,,,COMPLETE
10,0.8946478366851807,2026-09-09 00:25:45.291725,2026-09-09 00:28:15.530287,0 days 00:02:30.238562,0.005395899733018187,0.40321436561611185,19,0.8826178078888927,7.518949452767222,0.059114310824520906,60,0.11963336879101172,0.10361169713180508,545,,"{""add_triangle_prob"": 0.005395899733018187, ""crossover_prob"": 0.40321436561611185, ""funsearch_penalty"": 0.8826178078888927, ""funsearch_temperature"": 7.518949452767222, ""mutation_prob"": 0.059114310824520906, ""num_triangles"": 60, ""p_comp"": 0.11963336879101172, ""p_tri"": 0.10361169713180508, ""pop_size"": 545}",COMPLETE
11,0.8835533261299133,2026-09-09 00:28:15.530733,2026-09-09 00:30:45.733567,0 days 00:02:30.202834,0.004015609069963386,0.4000893761426674,20,0.9413785068346303,9.781097847389496,0.06961743646163357,87,0.16523110104895966,0.11971259902111822,472,,"{""add_triangle_prob"": 0.004015609069963386, ""crossover_prob"": 0.4000893761426674, ""funsearch_penalty"": 0.9413785068346303, ""funsearch_temperature"": 9.781097847389496, ""mutation_prob"": 0.06961743646163357, ""num_triangles"": 87, ""p_comp"": 0.16523110104895966, ""p_tri"": 0.11971259902111822, ""pop_size"": 472}",COMPLETE
12,0.8708544969558716,2026-09-09 00:30:45.733959,2026-09-09 00:33:15.943083,0 days 00:02:30.209124,0.01533880467034408,0.6824984375473646,18,0.48406130361522165,8.522140963006256,0.04849283496311339,85,0.13103396842255371,0.3760128451766517,362,,"{""add_triangle_prob"": 0.01533880467034408, ""crossover_prob"": 0.6824984375473646, ""funsearch_penalty"": 0.48406130361522165, ""funsearch_temperature"": 8.522140963006256, ""mutation_prob"": 0.04849283496311339, ""num_triangles"": 85, ""p_comp"": 0.13103396842255371, ""p_tri"": 0.3760128451766517, ""pop_size"": 362}",COMPLETE
13,0.9082625508308411,2026-09-09 00:33:15.943483,2026-09-09 00:35:46.187631,0 days 00:02:30.244148,0.014136154632056863,0.6884034094915051,14,0.6859881080367831,1.9217061132110187,0.059706618245336365,99,0.014536700553014165,0.19339854449791302,206,,"{""add_triangle_prob"": 0.014136154632056863, ""crossover_prob"": 0.6884034094915051, ""funsearch_penalty"": 0.6859881080367831, ""funsearch_temperature"": 1.9217061132110187, ""mutation_prob"": 0.059706618245336365, ""num_triangles"": 99, ""p_comp"": 0.014536700553014165, ""p_tri"": 0.19339854449791302, ""pop_size"": 206}",COMPLETE
14,0.8975685238838196,2026-09-09 00:35:46.188070,2026-09-09 00:38:16.390906,0 days 00:02:30.202836,0.002149433523362788,0.7463958122956172,13,0.8106724268037239,1.2946911527321925,0.0534548844287876,87,0.021415990728733306,0.3242857389193732,434,,"{""add_triangle_prob"": 0.002149433523362788, ""crossover_prob"": 0.7463958122956172, ""funsearch_penalty"": 0.8106724268037239, ""funsearch_temperature"": 1.2946911527321925, ""mutation_prob"": 0.0534548844287876, ""num_triangles"": 87, ""p_comp"": 0.021415990728733306, ""p_tri"": 0.3242857389193732, ""pop_size"": 434}",COMPLETE
15,0.8747403621673584,2026-09-09 00:38:16.391305,2026-09-09 00:40:46.608124,0 days 00:02:30.216819,0.0066288185258855745,0.842925568576397,12,0.610684238042342,0.9762498953572434,0.047733709546281096,83,0.0873381278624412,0.2957504850140407,388,,"{""add_triangle_prob"": 0.0066288185258855745, ""crossover_prob"": 0.842925568576397, ""funsearch_penalty"": 0.610684238042342, ""funsearch_temperature"": 0.9762498953572434, ""mutation_prob"": 0.047733709546281096, ""num_triangles"": 83, ""p_comp"": 0.0873381278624412, ""p_tri"": 0.2957504850140407, ""pop_size"": 388}",COMPLETE
16,0.9066847562789917,2026-09-09 00:40:46.608495,2026-09-09 00:43:16.832138,0 days 00:02:30.223643,0.004315517442672697,0.6788004060463048,12,0.8561307952273951,1.3572328254381516,0.06168994693809221,94,0.041109309640398155,0.10260410309443574,455,,"{""add_triangle_prob"": 0.004315517442672697, ""crossover_prob"": 0.6788004060463048, ""funsearch_penalty"": 0.8561307952273951, ""funsearch_temperature"": 1.3572328254381516, ""mutation_prob"": 0.06168994693809221, ""num_triangles"": 94, ""p_comp"": 0.041109309640398155, ""p_tri"": 0.10260410309443574, ""pop_size"": 455}",COMPLETE
17,0.8716497421264648,2026-09-09 00:43:16.832594,2026-09-09 00:45:47.237440,0 days 00:02:30.404846,0.0036185977029086266,0.8822052816261887,4,0.7296656761131113,1.758901117436827,0.07816016959315392,82,0.10654767402083765,0.19919369139315088,41,,"{""add_triangle_prob"": 0.0036185977029086266, ""crossover_prob"": 0.8822052816261887, ""funsearch_penalty"": 0.7296656761131113, ""funsearch_temperature"": 1.758901117436827, ""mutation_prob"": 0.07816016959315392, ""num_triangles"": 82, ""p_comp"": 0.10654767402083765, ""p_tri"": 0.19919369139315088, ""pop_size"": 41}",COMPLETE
18,0.8924397826194763,2026-09-09 00:45:47.237954,2026-09-09 00:48:17.447839,0 days 00:02:30.209885,0.0016594418512663502,0.4121606548155036,60,0.7021253918329663,1.319914702070861,0.06295213867245492,90,0.10180931852181696,0.11582709136874383,614,,"{""add_triangle_prob"": 0.0016594418512663502, ""crossover_prob"": 0.4121606548155036, ""funsearch_penalty"": 0.7021253918329663, ""funsearch_temperature"": 1.319914702070861, ""mutation_prob"": 0.06295213867245492, ""num_triangles"": 90, ""p_comp"": 0.10180931852181696, ""p_tri"": 0.11582709136874383, ""pop_size"": 614}",COMPLETE
19,0.8803200125694275,2026-09-09 00:48:17.448213,2026-09-09 00:50:47.665693,0 days 00:02:30.217480,0.007628861613073844,0.6231931477553014,9,0.8635423243112477,2.1367405256225727,0.08598060262891347,90,0.10541891116839788,0.2587470807421795,462,,"{""add_triangle_prob"": 0.007628861613073844, ""crossover_prob"": 0.6231931477553014, ""funsearch_penalty"": 0.8635423243112477, ""funsearch_temperature"": 2.1367405256225727, ""mutation_prob"": 0.08598060262891347, ""num_triangles"": 90, ""p_comp"": 0.10541891116839788, ""p_tri"": 0.2587470807421795, ""pop_size"": 462}",COMPLETE
20,0.8915422558784485,2026-09-09 00:50:47.666138,2026-09-09 00:53:17.866446,0 days 00:02:30.200308,0.012608257719500172,0.5964744592021253,15,0.8204488481663363,0.5817010276925267,0.04692427504610855,94,0.050151434699295463,0.23963521101360832,413,,"{""add_triangle_prob"": 0.012608257719500172, ""crossover_prob"": 0.5964744592021253, ""funsearch_penalty"": 0.8204488481663363, ""funsearch_temperature"": 0.5817010276925267, ""mutation_prob"": 0.04692427504610855, ""num_triangles"": 94, ""p_comp"": 0.050151434699295463, ""p_tri"": 0.23963521101360832, ""pop_size"": 413}",COMPLETE
21,0.8973566889762878,2026-09-09 00:53:17.866882,2026-09-09 00:55:48.115251,0 days 00:02:30.248369,0.009620370104805015,0.49989368891951586,25,0.9414236753443969,2.2789759725638943,0.06805752568205921,89,0.08461054729240419,0.13909778428196176,693,,"{""add_triangle_prob"": 0.009620370104805015, ""crossover_prob"": 0.49989368891951586, ""funsearch_penalty"": 0.9414236753443969, ""funsearch_temperature"": 2.2789759725638943, ""mutation_prob"": 0.06805752568205921, ""num_triangles"": 89, ""p_comp"": 0.08461054729240419, ""p_tri"": 0.13909778428196176, ""pop_size"": 693}",COMPLETE
22,0.8890941739082336,2026-09-09 00:55:48.115644,2026-09-09 00:58:18.379653,0 days 00:02:30.264009,0.017638650531848023,0.5406191460900902,11,0.9389684661907358,2.647068004212864,0.06436881640056306,90,0.047054557620064386,0.22222876549825415,177,,"{""add_triangle_prob"": 0.017638650531848023, ""crossover_prob"": 0.5406191460900902, ""funsearch_penalty"": 0.9389684661907358, ""funsearch_temperature"": 2.647068004212864, ""mutation_prob"": 0.06436881640056306, ""num_triangles"": 90, ""p_comp"": 0.047054557620064386, ""p_tri"": 0.22222876549825415, ""pop_size"": 177}",COMPLETE
23,0.8901709914207458,2026-09-09 00:58:18.380052,2026-09-09 01:00:48.613756,0 days 00:02:30.233704,0.0001619867277393044,0.6994289348580388,15,0.7146141195212822,1.8645038459196426,0.05607324788718889,97,0.0982148112738349,0.12130386109086005,311,,"{""add_triangle_prob"": 0.0001619867277393044, ""crossover_prob"": 0.6994289348580388, ""funsearch_penalty"": 0.7146141195212822, ""funsearch_temperature"": 1.8645038459196426, ""mutation_prob"": 0.05607324788718889, ""num_triangles"": 97, ""p_comp"": 0.0982148112738349, ""p_tri"": 0.12130386109086005, ""pop_size"": 311}",COMPLETE
24,0.9002747535705566,2026-09-09 01:00:48.614126,2026-09-09 01:03:18.831082,0 days 00:02:30.216956,0.0018636715164456728,0.8285138444990129,7,0.8094784089102235,1.8796101197433315,0.055706072473696105,69,0.0241835799900483,0.11899600836036511,361,,"{""add_triangle_prob"": 0.0018636715164456728, ""crossover_prob"": 0.8285138444990129, ""funsearch_penalty"": 0.8094784089102235, ""funsearch_temperature"": 1.8796101197433315, ""mutation_prob"": 0.055706072473696105, ""num_triangles"": 69, ""p_comp"": 0.0241835799900483, ""p_tri"": 0.11899600836036511, ""pop_size"": 361}",COMPLETE
25,0.8919283151626587,2026-09-09 01:03:18.831492,2026-09-09 01:05:49.048503,0 days 00:02:30.217011,0.009041167147676835,0.6304224701446524,7,0.8273390329848601,1.4934724900269016,0.07589159074641996,77,0.13809695164988237,0.12010997991752674,336,,"{""add_triangle_prob"": 0.009041167147676835, ""crossover_prob"": 0.6304224701446524, ""funsearch_penalty"": 0.8273390329848601, ""funsearch_temperature"": 1.4934724900269016, ""mutation_prob"": 0.07589159074641996, ""num_triangles"": 77, ""p_comp"": 0.13809695164988237, ""p_tri"": 0.12010997991752674, ""pop_size"": 336}",COMPLETE
26,0.892817497253418,2026-09-09 01:05:49.048903,2026-09-09 01:08:19.294375,0 days 00:02:30.245472,0.017574806685202275,0.6918047403439045,6,0.6806200048456749,1.1194340470499318,0.0442801061277433,82,0.05782064033564224,0.114338821776427,268,,"{""add_triangle_prob"": 0.017574806685202275, ""crossover_prob"": 0.6918047403439045, ""funsearch_penalty"": 0.6806200048456749, ""funsearch_temperature"": 1.1194340470499318, ""mutation_prob"": 0.0442801061277433, ""num_triangles"": 82, ""p_comp"": 0.05782064033564224, ""p_tri"": 0.114338821776427, ""pop_size"": 268}",COMPLETE
27,0.9073981642723083,2026-09-09 01:08:19.294801,2026-09-09 01:10:49.503955,0 days 00:02:30.209154,0.004427946116210219,0.8393079311777227,22,0.8764137362837057,0.8923788451026269,0.05848302086510016,85,0.011930729030908308,0.12402820050047328,449,,"{""add_triangle_prob"": 0.004427946116210219, ""crossover_prob"": 0.8393079311777227, ""funsearch_penalty"": 0.8764137362837057, ""funsearch_temperature"": 0.8923788451026269, ""mutation_prob"": 0.05848302086510016, ""num_triangles"": 85, ""p_comp"": 0.011930729030908308, ""p_tri"": 0.12402820050047328, ""pop_size"": 449}",COMPLETE
28,0.8624879121780396,2026-09-09 01:10:49.504361,2026-09-09 01:13:19.719173,0 days 00:02:30.214812,0.006844015538825058,0.6517429438617937,22,0.7067639942823286,1.2428016236759352,0.051161841174141645,99,0.14597238128634424,0.3425294741732472,385,,"{""add_triangle_prob"": 0.006844015538825058, ""crossover_prob"": 0.6517429438617937, ""funsearch_penalty"": 0.7067639942823286, ""funsearch_temperature"": 1.2428016236759352, ""mutation_prob"": 0.051161841174141645, ""num_triangles"": 99, ""p_comp"": 0.14597238128634424, ""p_tri"": 0.3425294741732472, ""pop_size"": 385}",COMPLETE
29,0.8847032189369202,2026-09-09 01:13:19.719564,2026-09-09 01:15:49.929771,0 days 00:02:30.210207,0.0009311949524921214,0.49532738816178007,35,0.6192660452269114,1.2618329662943695,0.06672279918699112,96,0.044816547739867665,0.2959406196764488,512,,"{""add_triangle_prob"": 0.0009311949524921214, ""crossover_prob"": 0.49532738816178007, ""funsearch_penalty"": 0.6192660452269114, ""funsearch_temperature"": 1.2618329662943695, ""mutation_prob"": 0.06672279918699112, ""num_triangles"": 96, ""p_comp"": 0.044816547739867665, ""p_tri"": 0.2959406196764488, ""pop_size"": 512}",COMPLETE
30,0.883428692817688,2026-09-09 01:15:49.930137,2026-09-09 01:18:20.127521,0 days 00:02:30.197384,0.0023878597273894056,0.8379594563486917,31,0.9426869146717833,2.9593663626409668,0.061022174472753626,100,0.07420808057207529,0.2048435562660193,541,,"{""add_triangle_prob"": 0.0023878597273894056, ""crossover_prob"": 0.8379594563486917, ""funsearch_penalty"": 0.9426869146717833, ""funsearch_temperature"": 2.9593663626409668, ""mutation_prob"": 0.061022174472753626, ""num_triangles"": 100, ""p_comp"": 0.07420808057207529, ""p_tri"": 0.2048435562660193, ""pop_size"": 541}",COMPLETE
31,0.8838262557983398,2026-09-09 01:18:20.127941,2026-09-09 01:20:50.352641,0 days 00:02:30.224700,0.005256627033700173,0.720448675848068,15,0.8332784906424605,1.1075175331806573,0.06764895308054873,69,0.0548853793425109,0.2968416841624748,480,,"{""add_triangle_prob"": 0.005256627033700173, ""crossover_prob"": 0.720448675848068, ""funsearch_penalty"": 0.8332784906424605, ""funsearch_temperature"": 1.1075175331806573, ""mutation_prob"": 0.06764895308054873, ""num_triangles"": 69, ""p_comp"": 0.0548853793425109, ""p_tri"": 0.2968416841624748, ""pop_size"": 480}",COMPLETE
32,0.891002893447876,2026-09-09 01:20:50.353018,2026-09-09 01:23:20.577579,0 days 00:02:30.224561,0.010351743448347588,0.971953848917056,9,0.9044728282216814,2.120913782172258,0.06302223193114745,92,0.07960442894717099,0.18261067191285896,310,,"{""add_triangle_prob"": 0.010351743448347588, ""crossover_prob"": 0.971953848917056, ""funsearch_penalty"": 0.9044728282216814, ""funsearch_temperature"": 2.120913782172258, ""mutation_prob"": 0.06302223193114745, ""num_triangles"": 92, ""p_comp"": 0.07960442894717099, ""p_tri"": 0.18261067191285896, ""pop_size"": 310}",COMPLETE
33,0.9050248861312866,2026-09-09 01:23:20.578003,2026-09-09 01:25:50.766550,0 days 00:02:30.188547,0.004280073269365204,0.8628474371672807,24,0.8140205655409157,3.446518293046235,0.05078375444936891,90,0.015956360471615996,0.14129553631010996,491,,"{""add_triangle_prob"": 0.004280073269365204, ""crossover_prob"": 0.8628474371672807, ""funsearch_penalty"": 0.8140205655409157, ""funsearch_temperature"": 3.446518293046235, ""mutation_prob"": 0.05078375444936891, ""num_triangles"": 90, ""p_comp"": 0.015956360471615996, ""p_tri"": 0.14129553631010996, ""pop_size"": 491}",COMPLETE
34,0.893658459186554,2026-09-09 01:25:50.766940,2026-09-09 01:28:20.972087,0 days 00:02:30.205147,0.004809532706860231,0.6873775608854746,24,0.9336496472482521,0.7900085685919229,0.06482499257281471,96,0.05535256714717666,0.1451186250111382,382,,"{""add_triangle_prob"": 0.004809532706860231, ""crossover_prob"": 0.6873775608854746, ""funsearch_penalty"": 0.9336496472482521, ""funsearch_temperature"": 0.7900085685919229, ""mutation_prob"": 0.06482499257281471, ""num_triangles"": 96, ""p_comp"": 0.05535256714717666, ""p_tri"": 0.1451186250111382, ""pop_size"": 382}",COMPLETE
35,0.8958715200424194,2026-09-09 01:28:20.972531,2026-09-09 01:30:51.212724,0 days 00:02:30.240193,0.00015442902995962786,0.6067656034271366,27,0.9032275957026635,0.8552224891745368,0.049782423951085716,85,0.026716864098891062,0.23550894406123357,410,,"{""add_triangle_prob"": 0.00015442902995962786, ""crossover_prob"": 0.6067656034271366, ""funsearch_penalty"": 0.9032275957026635, ""funsearch_temperature"": 0.8552224891745368, ""mutation_prob"": 0.049782423951085716, ""num_triangles"": 85, ""p_comp"": 0.026716864098891062, ""p_tri"": 0.23550894406123357, ""pop_size"": 410}",COMPLETE
36,0.9050356149673462,2026-09-09 01:30:51.213118,2026-09-09 01:33:21.420241,0 days 00:02:30.207123,0.0043426456411186426,0.5464655314769571,17,0.815303067699412,1.4094284202133491,0.08067141984784552,85,0.015409956463141698,0.11591709254254577,471,,"{""add_triangle_prob"": 0.0043426456411186426, ""crossover_prob"": 0.5464655314769571, ""funsearch_penalty"": 0.815303067699412, ""funsearch_temperature"": 1.4094284202133491, ""mutation_prob"": 0.08067141984784552, ""num_triangles"": 85, ""p_comp"": 0.015409956463141698, ""p_tri"": 0.11591709254254577, ""pop_size"": 471}",COMPLETE
37,0.8894933462142944,2026-09-09 01:33:21.420655,2026-09-09 01:35:51.671001,0 days 00:02:30.250346,0.00620392241439519,0.8153947173628558,17,0.93240373466765,1.3275634918548913,0.03882194912135982,98,0.04722807333581869,0.22705997805349878,531,,"{""add_triangle_prob"": 0.00620392241439519, ""crossover_prob"": 0.8153947173628558, ""funsearch_penalty"": 0.93240373466765, ""funsearch_temperature"": 1.3275634918548913, ""mutation_prob"": 0.03882194912135982, ""num_triangles"": 98, ""p_comp"": 0.04722807333581869, ""p_tri"": 0.22705997805349878, ""pop_size"": 531}",COMPLETE
38,0.8998708724975586,2026-09-09 01:35:51.671392,2026-09-09 01:38:21.890787,0 days 00:02:30.219395,0.005861482848694808,0.5062036494798301,21,0.8269797335358487,1.7698066934377439,0.06484440515371578,76,0.03942321416915471,0.15983207900767643,577,,"{""add_triangle_prob"": 0.005861482848694808, ""crossover_prob"": 0.5062036494798301, ""funsearch_penalty"": 0.8269797335358487, ""funsearch_temperature"": 1.7698066934377439, ""mutation_prob"": 0.06484440515371578, ""num_triangles"": 76, ""p_comp"": 0.03942321416915471, ""p_tri"": 0.15983207900767643, ""pop_size"": 577}",COMPLETE
39,0.8875561952590942,2026-09-09 01:38:21.891154,2026-09-09 01:40:52.119974,0 days 00:02:30.228820,0.009018497318240136,0.7024477110920643,14,0.6796336439811539,0.895129159881116,0.05979130615118095,99,0.09152123230443901,0.18782114225830987,461,,"{""add_triangle_prob"": 0.009018497318240136, ""crossover_prob"": 0.7024477110920643, ""funsearch_penalty"": 0.6796336439811539, ""funsearch_temperature"": 0.895129159881116, ""mutation_prob"": 0.05979130615118095, ""num_triangles"": 99, ""p_comp"": 0.09152123230443901, ""p_tri"": 0.18782114225830987, ""pop_size"": 461}",COMPLETE
40,0.900981068611145,2026-09-09 01:40:52.120516,2026-09-09 01:43:22.324219,0 days 00:02:30.203703,0.0027631365316180077,0.7356638304719538,30,0.9346607166113656,1.6103556498886342,0.0839354908161731,95,0.06439798137859931,0.10710864815927336,506,,"{""add_triangle_prob"": 0.0027631365316180077, ""crossover_prob"": 0.7356638304719538, ""funsearch_penalty"": 0.9346607166113656, ""funsearch_temperature"": 1.6103556498886342, ""mutation_prob"": 0.0839354908161731, ""num_triangles"": 95, ""p_comp"": 0.06439798137859931, ""p_tri"": 0.10710864815927336, ""pop_size"": 506}",COMPLETE
41,0.8978678584098816,2026-09-09 01:43:22.324626,2026-09-09 01:45:52.565553,0 days 00:02:30.240927,0.008368711151787701,0.8777905422454408,23,0.7273824285263357,2.5798475419576956,0.05324263060555439,93,0.04090771013387713,0.1778545202777655,506,,"{""add_triangle_prob"": 0.008368711151787701, ""crossover_prob"": 0.8777905422454408, ""funsearch_penalty"": 0.7273824285263357, ""funsearch_temperature"": 2.5798475419576956, ""mutation_prob"": 0.05324263060555439, ""num_triangles"": 93, ""p_comp"": 0.04090771013387713, ""p_tri"": 0.1778545202777655, ""pop_size"": 506}",COMPLETE
